<?xml version="1.0" encoding="UTF-8"?>
<!-- Generated by org.testng.reporters.JUnitReportReporter -->
<testsuite hostname="DESKTOP-M4BKM5J" failures="0" tests="2" name="fcm.qa.testcases.LoginPageTest" time="11.056" errors="0" timestamp="2024-06-30T03:37:43 CST" skipped="0">
  <testcase classname="fcm.qa.testcases.LoginPageTest" name="verifyForgetLink" time="5.838"/>
  <testcase classname="fcm.qa.testcases.LoginPageTest" name="loginUser" time="5.218"/>
</testsuite> <!-- fcm.qa.testcases.LoginPageTest -->
