<?xml version="1.0" encoding="UTF-8"?>
<!-- Generated by org.testng.reporters.JUnitReportReporter -->
<testsuite hostname="DESKTOP-M4BKM5J" failures="0" tests="3" name="fcm.qa.testcases.CalenderPageTest" time="41.934" errors="0" timestamp="2024-06-30T03:37:43 CST" skipped="0">
  <testcase classname="fcm.qa.testcases.CalenderPageTest" name="validatePageTitleTest" time="10.160"/>
  <testcase classname="fcm.qa.testcases.CalenderPageTest" name="bookMeetingTest" time="11.344"/>
  <testcase classname="fcm.qa.testcases.CalenderPageTest" name="validatebookedMeetingTest" time="20.430"/>
</testsuite> <!-- fcm.qa.testcases.CalenderPageTest -->
