<?xml version="1.0" encoding="UTF-8"?>
<!-- Generated by org.testng.reporters.JUnitReportReporter -->
<testsuite hostname="DESKTOP-M4BKM5J" failures="0" tests="2" name="fcm.qa.testcases.ContactPageTest" time="20.442" errors="0" timestamp="2024-06-30T03:37:43 CST" skipped="0">
  <testcase classname="fcm.qa.testcases.ContactPageTest" name="verifyContactCreated" time="10.628"/>
  <testcase classname="fcm.qa.testcases.ContactPageTest" name="validatePageTitle" time="9.814"/>
</testsuite> <!-- fcm.qa.testcases.ContactPageTest -->
