<?xml version="1.0" encoding="UTF-8"?>
<!-- Generated by org.testng.reporters.JUnitReportReporter -->
<testsuite hostname="DESKTOP-M4BKM5J" failures="0" tests="2" name="fcm.qa.testcases.DiscussPageTest" time="17.402" errors="0" timestamp="2024-06-30T03:37:43 CST" skipped="0">
  <testcase classname="fcm.qa.testcases.DiscussPageTest" name="verifyPageTitle" time="8.256"/>
  <testcase classname="fcm.qa.testcases.DiscussPageTest" name="createMessage" time="9.146"/>
</testsuite> <!-- fcm.qa.testcases.DiscussPageTest -->
