<?xml version="1.0" encoding="UTF-8"?>
<!-- Generated by org.testng.reporters.JUnitReportReporter -->
<testsuite hostname="DESKTOP-M4BKM5J" failures="0" tests="1" name="fcm.qa.testcases.HomePageTest" time="8.467" errors="0" timestamp="2024-06-30T03:39:29 CST" skipped="0">
  <testcase classname="fcm.qa.testcases.HomePageTest" name="verifyPageTitle" time="8.467"/>
</testsuite> <!-- fcm.qa.testcases.HomePageTest -->
