<?xml version="1.0" encoding="UTF-8"?>
<!-- Generated by org.testng.reporters.JUnitReportReporter -->
<testsuite hostname="DESKTOP-M4BKM5J" failures="0" tests="1" name="fcm.qa.testcases.test" time="4.683" errors="0" timestamp="2024-06-25T04:26:09 CST" skipped="0">
  <testcase classname="fcm.qa.testcases.test" name="setUp" time="4.683"/>
</testsuite> <!-- fcm.qa.testcases.test -->
