<?xml version="1.0" encoding="UTF-8"?>
<!-- Generated by org.testng.reporters.JUnitReportReporter -->
<testsuite hostname="DESKTOP-M4BKM5J" failures="0" tests="8" name="fcm.qa.testcases.HomePageTest" time="66.265" errors="0" timestamp="2024-06-29T03:52:38 CST" skipped="0">
  <testcase classname="fcm.qa.testcases.HomePageTest" name="verifyPageTitle" time="5.634"/>
  <testcase classname="fcm.qa.testcases.HomePageTest" name="verifyDiscussLink" time="8.255"/>
  <testcase classname="fcm.qa.testcases.HomePageTest" name="verifyCalenderClick" time="9.319"/>
  <testcase classname="fcm.qa.testcases.HomePageTest" name="verifyContactLink" time="8.421"/>
  <testcase classname="fcm.qa.testcases.HomePageTest" name="VerifyCrmLink" time="8.859"/>
  <testcase classname="fcm.qa.testcases.HomePageTest" name="VerifyAppLink" time="8.653"/>
  <testcase classname="fcm.qa.testcases.HomePageTest" name="VerifydashLink" time="8.428"/>
  <testcase classname="fcm.qa.testcases.HomePageTest" name="VerifySettingLink" time="8.696"/>
</testsuite> <!-- fcm.qa.testcases.HomePageTest -->
