<?xml version="1.0" encoding="UTF-8"?>
<!-- Generated by org.testng.reporters.JUnitReportReporter -->
<testsuite hostname="DESKTOP-M4BKM5J" failures="0" tests="2" name="fcm.qa.testcases.DiscussPageTest" time="19.491" errors="0" timestamp="2024-06-29T03:52:38 CST" skipped="0">
  <testcase classname="fcm.qa.testcases.DiscussPageTest" name="verifyPageTitle" time="9.708"/>
  <testcase classname="fcm.qa.testcases.DiscussPageTest" name="createMessage" time="9.783"/>
</testsuite> <!-- fcm.qa.testcases.DiscussPageTest -->
